<?xml version="1.0" encoding="UTF-8"?>
<testng-results ignored="0" total="1" passed="1" failed="0" skipped="0">
  <reporter-output>
  </reporter-output>
  <suite started-at="2025-09-01T10:22:29 AEST" name="Default suite" finished-at="2025-09-01T10:22:38 AEST" duration-ms="9216">
    <groups>
    </groups>
    <test started-at="2025-09-01T10:22:29 AEST" name="Default test" finished-at="2025-09-01T10:22:38 AEST" duration-ms="9216">
      <class name="testNG.firstTestCase">
        <test-method signature="login()[pri:0, instance:testNG.firstTestCase@421bba99]" started-at="2025-09-01T10:22:29 AEST" name="login" finished-at="2025-09-01T10:22:38 AEST" duration-ms="9019" status="PASS">
          <reporter-output>
          </reporter-output>
        </test-method> <!-- login -->
        <test-method is-config="true" signature="tearDown()[pri:0, instance:testNG.firstTestCase@421bba99]" started-at="2025-09-01T10:22:38 AEST" name="tearDown" finished-at="2025-09-01T10:22:38 AEST" duration-ms="172" status="PASS">
          <reporter-output>
          </reporter-output>
        </test-method> <!-- tearDown -->
      </class> <!-- testNG.firstTestCase -->
    </test> <!-- Default test -->
  </suite> <!-- Default suite -->
</testng-results>
